<?xml version="1.0" encoding="UTF-8"?>
<!-- Generated by org.testng.reporters.JUnitReportReporter -->
<testsuite hostname="user-PC" name="testngdemo.ClassA" tests="1" failures="0" timestamp="25 Jan 2020 17:19:30 GMT" time="0.012" errors="0">
  <testcase name="testcase12" time="0.012" classname="testngdemo.ClassA"/>
</testsuite> <!-- testngdemo.ClassA -->
