<?xml version="1.0" encoding="UTF-8"?>
<!-- Generated by org.testng.reporters.JUnitReportReporter -->
<testsuite hostname="user-PC" name="testngdemo.classC" tests="2" failures="0" timestamp="1 Feb 2020 07:17:05 GMT" time="0.030" errors="0">
  <testcase name="method1" time="0.030" classname="testngdemo.classC"/>
  <testcase name="method2" time="0.000" classname="testngdemo.classC"/>
</testsuite> <!-- testngdemo.classC -->
